     [java] Executing '/space/jdk/jdk1.5.0_02/jre/bin/java' with arguments:
'-Xmx128M'
'-Dant.home=/space/90ur1/publish/glassfish/lib/ant'
'-classpath'
'/space/90ur1/publish/glassfish/lib/ant/lib/ant-swing.jar:/space/90ur1/publish/glassfish/lib/ant/lib/ant-xalan1.jar:/space/90ur1/publish/glassfish/lib/ant/lib/ant-vaj.jar:/space/90ur1/publish/glassfish/lib/ant/lib/ant-apache-resolver.jar:/space/90ur1/publish/glassfish/lib/ant/lib/ant-weblogic.jar:/space/90ur1/publish/glassfish/lib/ant/lib/ant-xslp.jar:/space/90ur1/publish/glassfish/lib/ant/lib/ant-jdepend.jar:/space/90ur1/publish/glassfish/lib/ant/lib/ant-stylebook.jar:/space/90ur1/publish/glassfish/lib/ant/lib/ant-commons-logging.jar:/space/90ur1/publish/glassfish/lib/ant/lib/ant-jsch.jar:/space/90ur1/publish/glassfish/lib/ant/lib/ant-trax.jar:/space/90ur1/publish/glassfish/lib/ant/lib/ant-starteam.jar:/space/90ur1/publish/glassfish/lib/ant/lib/xercesImpl.jar:/space/90ur1/publish/glassfish/lib/ant/lib/ant-apache-bcel.jar:/space/90ur1/publish/glassfish/lib/ant/lib/ant-commons-net.jar:/space/90ur1/publish/glassfish/lib/ant/lib/ant-nodeps.jar:/space/90ur1/publish/glassfish/lib/ant/lib/ant-jai.jar:/space/90ur1/publish/glassfish/lib/ant/lib/ant.jar:/space/90ur1/publish/glassfish/lib/ant/lib/ant-apache-bsf.jar:/space/90ur1/publish/glassfish/lib/ant/lib/ant-javamail.jar:/space/90ur1/publish/glassfish/lib/ant/lib/ant-icontract.jar:/space/90ur1/publish/glassfish/lib/ant/lib/ant-jmf.jar:/space/90ur1/publish/glassfish/lib/ant/lib/ant-antlr.jar:/space/90ur1/publish/glassfish/lib/ant/lib/ant-launcher.jar:/space/90ur1/publish/glassfish/lib/ant/lib/xml-apis.jar:/space/90ur1/publish/glassfish/lib/ant/lib/ant-apache-oro.jar:/space/90ur1/publish/glassfish/lib/ant/lib/ant-apache-regexp.jar:/space/90ur1/publish/glassfish/lib/ant/lib/ant-netrexx.jar:/space/90ur1/publish/glassfish/lib/ant/lib/ant-apache-log4j.jar:/space/90ur1/publish/glassfish/lib/ant/lib/ant-junit.jar:/space/jdk/jdk1.5.0_02/lib/tools.jar'
'org.apache.tools.ant.Main'
'-f'
'/space/90ur1/glassfish/activation/build.xml'
'-Dglassfish.maven=/space/90ur1/glassfish/bootstrap'
'-Dglassfish.home=/space/90ur1/publish/glassfish'
'post-bootstrap'
'-Dbuild_id='

The ' characters around the executable and arguments are
not part of the command.

     [java] Buildfile: /space/90ur1/glassfish/activation/build.xml
     [java] 
     [java] BUILD FAILED
     [java] Target `post-bootstrap' does not exist in this project. 
     [java] 
     [java] Total time: 0 seconds
     [java] Java Result: 1
